<?xml version="1.0" encoding="UTF-8"?>
<!-- Generated by org.testng.reporters.JUnitReportReporter -->
<testsuite hostname="Indubhargavi" name="skeleton.runner" tests="1" failures="0" timestamp="25 Apr 2020 08:32:21 GMT" time="48.146" errors="0">
  <testcase name="runScenario" time="48.146" classname="skeleton.runner"/>
</testsuite>
